Using pre-set license
Built from '2021.3/china_unity/release' branch; Version is '2021.3.26f1c1 (19b503b0ef33) revision 1684739'; Using compiler version '192829333'; Build Type 'Release'
OS: 'Windows 11  (10.0.22621) 64bit CoreCountrySpecific' Language: 'zh' Physical Memory: 16192 MB
BatchMode: 1, IsHumanControllingUs: 0, StartBugReporterOnCrash: 0, Is64bit: 1, IsPro: 1

COMMAND LINE ARGUMENTS:
F:\Unity installs\2021.3.26f1c1\Editor\Unity.exe
-adb2
-batchMode
-noUpm
-name
AssetImportWorker0
-projectPath
F:/snakegame/final
-logFile
Logs/AssetImportWorker0.log
-srvPort
57728
Successfully changed project path to: F:/snakegame/final
F:/snakegame/final
[UnityMemory] Configuration Parameters - Can be set up in boot.config
    "memorysetup-bucket-allocator-granularity=16"
    "memorysetup-bucket-allocator-bucket-count=8"
    "memorysetup-bucket-allocator-block-size=33554432"
    "memorysetup-bucket-allocator-block-count=8"
    "memorysetup-main-allocator-block-size=16777216"
    "memorysetup-thread-allocator-block-size=16777216"
    "memorysetup-gfx-main-allocator-block-size=16777216"
    "memorysetup-gfx-thread-allocator-block-size=16777216"
    "memorysetup-cache-allocator-block-size=4194304"
    "memorysetup-typetree-allocator-block-size=2097152"
    "memorysetup-profiler-bucket-allocator-granularity=16"
    "memorysetup-profiler-bucket-allocator-bucket-count=8"
    "memorysetup-profiler-bucket-allocator-block-size=33554432"
    "memorysetup-profiler-bucket-allocator-block-count=8"
    "memorysetup-profiler-allocator-block-size=16777216"
    "memorysetup-profiler-editor-allocator-block-size=1048576"
    "memorysetup-temp-allocator-size-main=16777216"
    "memorysetup-job-temp-allocator-block-size=2097152"
    "memorysetup-job-temp-allocator-block-size-background=1048576"
    "memorysetup-job-temp-allocator-reduction-small-platforms=262144"
    "memorysetup-temp-allocator-size-background-worker=32768"
    "memorysetup-temp-allocator-size-job-worker=262144"
    "memorysetup-temp-allocator-size-preload-manager=33554432"
    "memorysetup-temp-allocator-size-nav-mesh-worker=65536"
    "memorysetup-temp-allocator-size-audio-worker=65536"
    "memorysetup-temp-allocator-size-cloud-worker=32768"
    "memorysetup-temp-allocator-size-gi-baking-worker=262144"
    "memorysetup-temp-allocator-size-gfx=262144"
Player connection [35092] Host "[IP] 10.69.185.202 [Port] 0 [Flags] 2 [Guid] 3897133477 [EditorId] 3897133477 [Version] 1048832 [Id] WindowsEditor(7,Y9000X) [Debug] 1 [PackageName] WindowsEditor [ProjectName] Editor" joined multi-casting on [225.0.0.222:54997]...

Player connection [35092] Host "[IP] 10.69.185.202 [Port] 0 [Flags] 2 [Guid] 3897133477 [EditorId] 3897133477 [Version] 1048832 [Id] WindowsEditor(7,Y9000X) [Debug] 1 [PackageName] WindowsEditor [ProjectName] Editor" joined alternative multi-casting on [225.0.0.222:34997]...

AS: AutoStreaming module initializing.
Refreshing native plugins compatible for Editor in 61.61 ms, found 3 plugins.
Preloading 0 native plugins for Editor in 0.00 ms.
Initialize engine version: 2021.3.26f1c1 (19b503b0ef33)
[Subsystems] Discovering subsystems at path F:/Unity installs/2021.3.26f1c1/Editor/Data/Resources/UnitySubsystems
[Subsystems] Discovering subsystems at path F:/snakegame/final/Assets
GfxDevice: creating device client; threaded=0; jobified=0
Direct3D:
    Version:  Direct3D 11.0 [level 11.1]
    Renderer: NVIDIA GeForce RTX 3060 Laptop GPU (ID=0x2560)
    Vendor:   NVIDIA
    VRAM:     6023 MB
    Driver:   30.0.15.1233
Initialize mono
Mono path[0] = 'F:/Unity installs/2021.3.26f1c1/Editor/Data/Managed'
Mono path[1] = 'F:/Unity installs/2021.3.26f1c1/Editor/Data/MonoBleedingEdge/lib/mono/unityjit-win32'
Mono config path = 'F:/Unity installs/2021.3.26f1c1/Editor/Data/MonoBleedingEdge/etc'
Using monoOptions --debugger-agent=transport=dt_socket,embedding=1,server=y,suspend=n,address=127.0.0.1:56892
Begin MonoManager ReloadAssembly
Registering precompiled unity dll's ...
Register platform support module: F:/Unity installs/2021.3.26f1c1/Editor/Data/PlaybackEngines/WebGLSupport/UnityEditor.WebGL.Extensions.dll
Register platform support module: F:/Unity installs/2021.3.26f1c1/Editor/Data/PlaybackEngines/WindowsStandaloneSupport/UnityEditor.WindowsStandalone.Extensions.dll
Registered in 0.005438 seconds.
Native extension for WindowsStandalone target not found
Native extension for WebGL target not found
Refreshing native plugins compatible for Editor in 54.74 ms, found 3 plugins.
Preloading 0 native plugins for Editor in 0.00 ms.
Mono: successfully reloaded assembly
- Completed reload, in  0.540 seconds
Domain Reload Profiling:
	ReloadAssembly (541ms)
		BeginReloadAssembly (124ms)
			ExecutionOrderSort (0ms)
			DisableScriptedObjects (0ms)
			BackupInstance (0ms)
			ReleaseScriptingObjects (0ms)
			CreateAndSetChildDomain (1ms)
		EndReloadAssembly (315ms)
			LoadAssemblies (114ms)
			RebuildTransferFunctionScriptingTraits (0ms)
			SetupTypeCache (70ms)
			ReleaseScriptCaches (0ms)
			RebuildScriptCaches (18ms)
			SetupLoadedEditorAssemblies (174ms)
				LogAssemblyErrors (0ms)
				InitializePlatformSupportModulesInManaged (7ms)
				SetLoadedEditorAssemblies (0ms)
				RefreshPlugins (55ms)
				BeforeProcessingInitializeOnLoad (1ms)
				ProcessInitializeOnLoadAttributes (77ms)
				ProcessInitializeOnLoadMethodAttributes (33ms)
				AfterProcessingInitializeOnLoad (0ms)
				EditorAssembliesLoaded (0ms)
			ExecutionOrderSort2 (0ms)
			AwakeInstancesAfterBackupRestoration (0ms)
Platform modules already initialized, skipping
Registering precompiled user dll's ...
Registered in 0.014393 seconds.
Begin MonoManager ReloadAssembly
Symbol file LoadedFromMemory doesn't match image F:\snakegame\final\Library\PackageCache\com.unity.visualscripting@1.8.0\Editor\VisualScripting.Core\Dependencies\YamlDotNet\Unity.VisualScripting.YamlDotNet.dll
Symbol file LoadedFromMemory doesn't match image F:\snakegame\final\Library\PackageCache\com.unity.visualscripting@1.8.0\Editor\VisualScripting.Core\Dependencies\DotNetZip\Unity.VisualScripting.IonicZip.dll
Native extension for WindowsStandalone target not found
Native extension for WebGL target not found
Refreshing native plugins compatible for Editor in 0.48 ms, found 3 plugins.
Preloading 0 native plugins for Editor in 0.00 ms.
Mono: successfully reloaded assembly
- Completed reload, in  1.086 seconds
Domain Reload Profiling:
	ReloadAssembly (1087ms)
		BeginReloadAssembly (146ms)
			ExecutionOrderSort (0ms)
			DisableScriptedObjects (4ms)
			BackupInstance (0ms)
			ReleaseScriptingObjects (0ms)
			CreateAndSetChildDomain (15ms)
		EndReloadAssembly (838ms)
			LoadAssemblies (137ms)
			RebuildTransferFunctionScriptingTraits (0ms)
			SetupTypeCache (265ms)
			ReleaseScriptCaches (0ms)
			RebuildScriptCaches (35ms)
			SetupLoadedEditorAssemblies (399ms)
				LogAssemblyErrors (0ms)
				InitializePlatformSupportModulesInManaged (5ms)
				SetLoadedEditorAssemblies (0ms)
				RefreshPlugins (1ms)
				BeforeProcessingInitializeOnLoad (71ms)
				ProcessInitializeOnLoadAttributes (289ms)
				ProcessInitializeOnLoadMethodAttributes (12ms)
				AfterProcessingInitializeOnLoad (20ms)
				EditorAssembliesLoaded (0ms)
			ExecutionOrderSort2 (0ms)
			AwakeInstancesAfterBackupRestoration (7ms)
Platform modules already initialized, skipping
========================================================================
Worker process is ready to serve import requests
Launched and connected shader compiler UnityShaderCompiler.exe after 0.05 seconds
Refreshing native plugins compatible for Editor in 0.49 ms, found 3 plugins.
Preloading 0 native plugins for Editor in 0.00 ms.
Unloading 3521 Unused Serialized files (Serialized files now loaded: 0)
Unloading 22 unused Assets / (93.2 KB). Loaded Objects now: 4019.
Memory consumption went from 151.0 MB to 151.0 MB.
Total: 2.836700 ms (FindLiveObjects: 0.181100 ms CreateObjectMapping: 0.081900 ms MarkObjects: 2.469100 ms  DeleteObjects: 0.103800 ms)

AssetImportParameters requested are different than current active one (requested -> active):
  custom:video-decoder-ogg-theora: a1e56fd34408186e4bbccfd4996cb3dc -> 
  custom:container-muxer-webm: aa71ff27fc2769a1b78a27578f13a17b -> 
  custom:container-demuxer-webm: 4f35f7cbe854078d1ac9338744f61a02 -> 
  custom:video-encoder-webm-vp8: eb34c28f22e8b96e1ab97ce403110664 -> 
  custom:video-codec-MediaFoundation-h265: 746d11721c4dcdbdad8f713fa42b33f4 -> 
  custom:audio-encoder-webm-vorbis: bf7c407c2cedff20999df2af8eb42d56 -> 
  custom:framework-win-MediaFoundation: 216162199b28c13a410421893ffa2e32 -> 
  custom:container-demuxer-ogg: 62fdf1f143b41e24485cea50d1cbac27 -> 
  custom:video-decoder-webm-vp8: 9c59270c3fd7afecdb556c50c9e8de78 -> 
  custom:audio-decoder-ogg-vorbis: bf7c407c2cedff20999df2af8eb42d56 -> 
========================================================================
Received Import Request.
  Time since last request: 16132.401433 seconds.
  path: Assets/Scenes/Level1.unity
  artifactKey: Guid(9fc0d4010bbf28b4594072e72b8655ab) Importer(815301076,1909f56bfc062723c751e8b465ee728b)
Start importing Assets/Scenes/Level1.unity using Guid(9fc0d4010bbf28b4594072e72b8655ab) Importer(815301076,1909f56bfc062723c751e8b465ee728b)  -> (artifact id: 'dfa7ae470b04ea50b54056624d8eb944') in 0.017163 seconds 
========================================================================
Received Prepare
Registering precompiled user dll's ...
Registered in 0.018542 seconds.
Begin MonoManager ReloadAssembly
Symbol file LoadedFromMemory doesn't match image F:\snakegame\final\Library\PackageCache\com.unity.visualscripting@1.8.0\Editor\VisualScripting.Core\Dependencies\YamlDotNet\Unity.VisualScripting.YamlDotNet.dll
Symbol file LoadedFromMemory doesn't match image F:\snakegame\final\Library\PackageCache\com.unity.visualscripting@1.8.0\Editor\VisualScripting.Core\Dependencies\DotNetZip\Unity.VisualScripting.IonicZip.dll
Native extension for WindowsStandalone target not found
Native extension for WebGL target not found
Refreshing native plugins compatible for Editor in 0.51 ms, found 3 plugins.
Preloading 0 native plugins for Editor in 0.00 ms.
Mono: successfully reloaded assembly
- Completed reload, in  1.042 seconds
Domain Reload Profiling:
	ReloadAssembly (1042ms)
		BeginReloadAssembly (197ms)
			ExecutionOrderSort (0ms)
			DisableScriptedObjects (3ms)
			BackupInstance (0ms)
			ReleaseScriptingObjects (0ms)
			CreateAndSetChildDomain (35ms)
		EndReloadAssembly (741ms)
			LoadAssemblies (141ms)
			RebuildTransferFunctionScriptingTraits (0ms)
			SetupTypeCache (188ms)
			ReleaseScriptCaches (1ms)
			RebuildScriptCaches (29ms)
			SetupLoadedEditorAssemblies (381ms)
				LogAssemblyErrors (0ms)
				InitializePlatformSupportModulesInManaged (6ms)
				SetLoadedEditorAssemblies (0ms)
				RefreshPlugins (1ms)
				BeforeProcessingInitializeOnLoad (59ms)
				ProcessInitializeOnLoadAttributes (283ms)
				ProcessInitializeOnLoadMethodAttributes (13ms)
				AfterProcessingInitializeOnLoad (20ms)
				EditorAssembliesLoaded (0ms)
			ExecutionOrderSort2 (0ms)
			AwakeInstancesAfterBackupRestoration (6ms)
Platform modules already initialized, skipping
Refreshing native plugins compatible for Editor in 2.52 ms, found 3 plugins.
Preloading 0 native plugins for Editor in 0.00 ms.
Unloading 3479 Unused Serialized files (Serialized files now loaded: 0)
Unloading 16 unused Assets / (63.2 KB). Loaded Objects now: 4022.
Memory consumption went from 146.7 MB to 146.6 MB.
Total: 2.538200 ms (FindLiveObjects: 0.174200 ms CreateObjectMapping: 0.078500 ms MarkObjects: 2.221500 ms  DeleteObjects: 0.063400 ms)

AssetImportParameters requested are different than current active one (requested -> active):
  custom:video-decoder-ogg-theora: a1e56fd34408186e4bbccfd4996cb3dc -> 
  custom:container-muxer-webm: aa71ff27fc2769a1b78a27578f13a17b -> 
  custom:container-demuxer-webm: 4f35f7cbe854078d1ac9338744f61a02 -> 
  custom:video-encoder-webm-vp8: eb34c28f22e8b96e1ab97ce403110664 -> 
  custom:video-codec-MediaFoundation-h265: 746d11721c4dcdbdad8f713fa42b33f4 -> 
  custom:audio-encoder-webm-vorbis: bf7c407c2cedff20999df2af8eb42d56 -> 
  custom:framework-win-MediaFoundation: 216162199b28c13a410421893ffa2e32 -> 
  custom:container-demuxer-ogg: 62fdf1f143b41e24485cea50d1cbac27 -> 
  custom:video-decoder-webm-vp8: 9c59270c3fd7afecdb556c50c9e8de78 -> 
  custom:audio-decoder-ogg-vorbis: bf7c407c2cedff20999df2af8eb42d56 -> 
========================================================================
Received Import Request.
  Time since last request: 107.215996 seconds.
  path: Assets/TextMesh Pro/Shaders
  artifactKey: Guid(e9f693669af91aa45ad615fc681ed29f) Importer(815301076,1909f56bfc062723c751e8b465ee728b)
Start importing Assets/TextMesh Pro/Shaders using Guid(e9f693669af91aa45ad615fc681ed29f) Importer(815301076,1909f56bfc062723c751e8b465ee728b)  -> (artifact id: '16852098a277b7ddedd49287b21bfbc7') in 0.027766 seconds 
========================================================================
Received Import Request.
  Time since last request: 0.083001 seconds.
  path: Assets/TextMesh Pro/Shaders/TMPro.cginc
  artifactKey: Guid(407bc68d299748449bbf7f48ee690f8d) Importer(815301076,1909f56bfc062723c751e8b465ee728b)
Start importing Assets/TextMesh Pro/Shaders/TMPro.cginc using Guid(407bc68d299748449bbf7f48ee690f8d) Importer(815301076,1909f56bfc062723c751e8b465ee728b)  -> (artifact id: '9166bc1abaeb281fc6783cc3fe76c458') in 0.055045 seconds 
========================================================================
Received Import Request.
  Time since last request: 51.297520 seconds.
  path: Assets/Stylized Wood Textures
  artifactKey: Guid(e7f1489dbb9b6e544b77394e2f8bdbbe) Importer(815301076,1909f56bfc062723c751e8b465ee728b)
Start importing Assets/Stylized Wood Textures using Guid(e7f1489dbb9b6e544b77394e2f8bdbbe) Importer(815301076,1909f56bfc062723c751e8b465ee728b)  -> (artifact id: 'a02adb4045666264bfd5bf6a4f568839') in 0.012345 seconds 
========================================================================
Received Import Request.
  Time since last request: 1.610728 seconds.
  path: Assets/Stylized Wood Textures/Textures
  artifactKey: Guid(1936428fe564a324f849422d248400de) Importer(815301076,1909f56bfc062723c751e8b465ee728b)
Start importing Assets/Stylized Wood Textures/Textures using Guid(1936428fe564a324f849422d248400de) Importer(815301076,1909f56bfc062723c751e8b465ee728b)  -> (artifact id: '1d1b63f88df6d3efdba5af48d5ea13c8') in 0.023582 seconds 
========================================================================
Received Import Request.
  Time since last request: 1.619180 seconds.
  path: Assets/Stylized Wood Textures/Textures/Triangle
  artifactKey: Guid(08c71626c6e309d4aa224056422a97dc) Importer(815301076,1909f56bfc062723c751e8b465ee728b)
Start importing Assets/Stylized Wood Textures/Textures/Triangle using Guid(08c71626c6e309d4aa224056422a97dc) Importer(815301076,1909f56bfc062723c751e8b465ee728b)  -> (artifact id: 'd717401ae092f735b3f0e1a3decea883') in 0.006618 seconds 
========================================================================
Received Import Request.
  Time since last request: 0.478322 seconds.
  path: Assets/Stylized Wood Textures/Textures/Panels
  artifactKey: Guid(b5cb3153f08f5bd4c80372fdef2494a6) Importer(815301076,1909f56bfc062723c751e8b465ee728b)
Start importing Assets/Stylized Wood Textures/Textures/Panels using Guid(b5cb3153f08f5bd4c80372fdef2494a6) Importer(815301076,1909f56bfc062723c751e8b465ee728b)  -> (artifact id: 'b8ae245bbb845eaf7aca99ad0b4d993c') in 0.012279 seconds 
========================================================================
Received Import Request.
  Time since last request: 0.313743 seconds.
  path: Assets/Stylized Wood Textures/Textures/Chevron
  artifactKey: Guid(49c277aab562bdc4292f057c334a86a4) Importer(815301076,1909f56bfc062723c751e8b465ee728b)
Start importing Assets/Stylized Wood Textures/Textures/Chevron using Guid(49c277aab562bdc4292f057c334a86a4) Importer(815301076,1909f56bfc062723c751e8b465ee728b)  -> (artifact id: '5fc7e86e49fdb52dc72e519d0476c789') in 0.012295 seconds 
========================================================================
Received Import Request.
  Time since last request: 0.700330 seconds.
  path: Assets/Stylized Wood Textures/Textures/Planks
  artifactKey: Guid(e8848719f26cec34b8ce87026931f7ae) Importer(815301076,1909f56bfc062723c751e8b465ee728b)
Start importing Assets/Stylized Wood Textures/Textures/Planks using Guid(e8848719f26cec34b8ce87026931f7ae) Importer(815301076,1909f56bfc062723c751e8b465ee728b)  -> (artifact id: '437d074b7925c9e80c15bf47910bbb70') in 0.012037 seconds 
========================================================================
Received Import Request.
  Time since last request: 0.438811 seconds.
  path: Assets/Stylized Wood Textures/Textures/Square
  artifactKey: Guid(1921100782edf7c4fbffb93f88cbe417) Importer(815301076,1909f56bfc062723c751e8b465ee728b)
Start importing Assets/Stylized Wood Textures/Textures/Square using Guid(1921100782edf7c4fbffb93f88cbe417) Importer(815301076,1909f56bfc062723c751e8b465ee728b)  -> (artifact id: 'a6b6b166373bd31d6a243f958dda9356') in 0.010865 seconds 
========================================================================
Received Import Request.
  Time since last request: 0.306148 seconds.
  path: Assets/Stylized Wood Textures/Textures/Square/Wood_Square_ambientocclusion.png
  artifactKey: Guid(e1e643f0d6c45aa468e85ba5c885d7ff) Importer(815301076,1909f56bfc062723c751e8b465ee728b)
Start importing Assets/Stylized Wood Textures/Textures/Square/Wood_Square_ambientocclusion.png using Guid(e1e643f0d6c45aa468e85ba5c885d7ff) Importer(815301076,1909f56bfc062723c751e8b465ee728b)  -> (artifact id: 'f9b14d3de22b2693b28b6412033a1cbf') in 0.097288 seconds 
========================================================================
Received Import Request.
  Time since last request: 0.000023 seconds.
  path: Assets/Stylized Wood Textures/Textures/Square/Wood_Square_normal.png
  artifactKey: Guid(f34c12c780596734b9cbab8fca414acc) Importer(815301076,1909f56bfc062723c751e8b465ee728b)
Start importing Assets/Stylized Wood Textures/Textures/Square/Wood_Square_normal.png using Guid(f34c12c780596734b9cbab8fca414acc) Importer(815301076,1909f56bfc062723c751e8b465ee728b)  -> (artifact id: '0ba7180fd637ba71b90a48db9c1edeae') in 0.049125 seconds 
========================================================================
Received Import Request.
  Time since last request: 13.312443 seconds.
  path: Assets/Stylized Wood Textures/Textures/Planks/Wood_Planks_basecolor.png
  artifactKey: Guid(1d5b21d07413d8f4f8b54302e0dc545b) Importer(815301076,1909f56bfc062723c751e8b465ee728b)
Start importing Assets/Stylized Wood Textures/Textures/Planks/Wood_Planks_basecolor.png using Guid(1d5b21d07413d8f4f8b54302e0dc545b) Importer(815301076,1909f56bfc062723c751e8b465ee728b)  -> (artifact id: '8a3a140fbb2f3462679db550dc9ac794') in 0.017575 seconds 
========================================================================
Received Import Request.
  Time since last request: 0.000025 seconds.
  path: Assets/Stylized Wood Textures/Textures/Planks/Wood_Planks_metallic.png
  artifactKey: Guid(7fed49ec704c7ae489e477e9e6dde3aa) Importer(815301076,1909f56bfc062723c751e8b465ee728b)
Start importing Assets/Stylized Wood Textures/Textures/Planks/Wood_Planks_metallic.png using Guid(7fed49ec704c7ae489e477e9e6dde3aa) Importer(815301076,1909f56bfc062723c751e8b465ee728b)  -> (artifact id: '1f8803218c1b094fef45f8158b57d11e') in 0.018269 seconds 
========================================================================
Received Import Request.
  Time since last request: 4.727632 seconds.
  path: Assets/Stylized Wood Textures/Textures/Triangle/Wood_Triangle_basecolor.png
  artifactKey: Guid(e3537fc042bbba94ea33ce0d9abe3592) Importer(815301076,1909f56bfc062723c751e8b465ee728b)
Start importing Assets/Stylized Wood Textures/Textures/Triangle/Wood_Triangle_basecolor.png using Guid(e3537fc042bbba94ea33ce0d9abe3592) Importer(815301076,1909f56bfc062723c751e8b465ee728b)  -> (artifact id: '0255b7fa4d43a4790978144f7b5ae848') in 0.019427 seconds 
========================================================================
Received Import Request.
  Time since last request: 0.000027 seconds.
  path: Assets/Stylized Wood Textures/Textures/Triangle/Wood_Triangle_metallic.png
  artifactKey: Guid(6ba61bef9f683ed4580109c5afbf3b55) Importer(815301076,1909f56bfc062723c751e8b465ee728b)
Start importing Assets/Stylized Wood Textures/Textures/Triangle/Wood_Triangle_metallic.png using Guid(6ba61bef9f683ed4580109c5afbf3b55) Importer(815301076,1909f56bfc062723c751e8b465ee728b)  -> (artifact id: '0a9eccb0078007b5d7c1a8e750422db8') in 0.022552 seconds 
========================================================================
Received Import Request.
  Time since last request: 4.804603 seconds.
  path: Assets/Stylized Wood Textures/Textures/Panels/Wood_Panels_basecolor.png
  artifactKey: Guid(8265db1be23ddd34da9ab7c02440424d) Importer(815301076,1909f56bfc062723c751e8b465ee728b)
Start importing Assets/Stylized Wood Textures/Textures/Panels/Wood_Panels_basecolor.png using Guid(8265db1be23ddd34da9ab7c02440424d) Importer(815301076,1909f56bfc062723c751e8b465ee728b)  -> (artifact id: '29e96f7a5d04fd1fe6476e133f81987b') in 0.014888 seconds 
========================================================================
Received Import Request.
  Time since last request: 0.000023 seconds.
  path: Assets/Stylized Wood Textures/Textures/Panels/Wood_Panels_metallic.png
  artifactKey: Guid(59a6a3fd41f33ae4fa79c2a39578769f) Importer(815301076,1909f56bfc062723c751e8b465ee728b)
Start importing Assets/Stylized Wood Textures/Textures/Panels/Wood_Panels_metallic.png using Guid(59a6a3fd41f33ae4fa79c2a39578769f) Importer(815301076,1909f56bfc062723c751e8b465ee728b)  -> (artifact id: '900a826d224d7bde495b0e5993f44c63') in 0.017595 seconds 
========================================================================
Received Import Request.
  Time since last request: 6.080076 seconds.
  path: Assets/Stylized Wood Textures/Textures/Chevron/Wood_Chevron_basecolor.png
  artifactKey: Guid(dc701068260463c47ac417c3dd942fda) Importer(815301076,1909f56bfc062723c751e8b465ee728b)
Start importing Assets/Stylized Wood Textures/Textures/Chevron/Wood_Chevron_basecolor.png using Guid(dc701068260463c47ac417c3dd942fda) Importer(815301076,1909f56bfc062723c751e8b465ee728b)  -> (artifact id: '412609715b07e6cd977caf2863fde321') in 0.019736 seconds 
========================================================================
Received Import Request.
  Time since last request: 0.000021 seconds.
  path: Assets/Stylized Wood Textures/Textures/Chevron/Wood_Chevron_normal.png
  artifactKey: Guid(2ea7b72f85db9b14090108a266c32dc2) Importer(815301076,1909f56bfc062723c751e8b465ee728b)
Start importing Assets/Stylized Wood Textures/Textures/Chevron/Wood_Chevron_normal.png using Guid(2ea7b72f85db9b14090108a266c32dc2) Importer(815301076,1909f56bfc062723c751e8b465ee728b)  -> (artifact id: '302c028b33c07debcb779694b99f10a7') in 0.017390 seconds 
========================================================================
Received Import Request.
  Time since last request: 54.057462 seconds.
  path: Assets/pbr_textures/textures/ao.psd
  artifactKey: Guid(7522a745ce0358643b7385083b5b3dd7) Importer(815301076,1909f56bfc062723c751e8b465ee728b)
Start importing Assets/pbr_textures/textures/ao.psd using Guid(7522a745ce0358643b7385083b5b3dd7) Importer(815301076,1909f56bfc062723c751e8b465ee728b)  -> (artifact id: '70c7843c95d64c923795d507e1f01434') in 0.042305 seconds 
========================================================================
Received Import Request.
  Time since last request: 0.000023 seconds.
  path: Assets/pbr_textures/textures/normal.psd
  artifactKey: Guid(cf6e5b0bb3cdff240a3ad2785ae037f8) Importer(815301076,1909f56bfc062723c751e8b465ee728b)
Start importing Assets/pbr_textures/textures/normal.psd using Guid(cf6e5b0bb3cdff240a3ad2785ae037f8) Importer(815301076,1909f56bfc062723c751e8b465ee728b)  -> (artifact id: '138c943dae422c2e4bcb5273ccd140fa') in 0.052062 seconds 
========================================================================
Received Import Request.
  Time since last request: 22.889766 seconds.
  path: Assets/pbr_textures/materials/pbr_material.mat
  artifactKey: Guid(87294f02d9437b8479f6d772f8b00a8d) Importer(815301076,1909f56bfc062723c751e8b465ee728b)
Start importing Assets/pbr_textures/materials/pbr_material.mat using Guid(87294f02d9437b8479f6d772f8b00a8d) Importer(815301076,1909f56bfc062723c751e8b465ee728b)  -> (artifact id: '99bd61f230568cda72555ec8715aa230') in 0.300740 seconds 
========================================================================
Received Import Request.
  Time since last request: 54.424416 seconds.
  path: Assets/SimpleEnviroment/Models/theme_forest/obstacles/Materials/scarecrow.mat
  artifactKey: Guid(d4bae0ed9f43e254bb8631d6c4b1c614) Importer(815301076,1909f56bfc062723c751e8b465ee728b)
Start importing Assets/SimpleEnviroment/Models/theme_forest/obstacles/Materials/scarecrow.mat using Guid(d4bae0ed9f43e254bb8631d6c4b1c614) Importer(815301076,1909f56bfc062723c751e8b465ee728b)  -> (artifact id: 'fee936bfec1f1bef55e5accfccd660ae') in 0.032270 seconds 
========================================================================
Received Import Request.
  Time since last request: 0.000026 seconds.
  path: Assets/SimpleEnviroment/Models/general/materials/shadow_blob.mat
  artifactKey: Guid(eeb56ec58864ada4cab9736dd1101b3c) Importer(815301076,1909f56bfc062723c751e8b465ee728b)
Start importing Assets/SimpleEnviroment/Models/general/materials/shadow_blob.mat using Guid(eeb56ec58864ada4cab9736dd1101b3c) Importer(815301076,1909f56bfc062723c751e8b465ee728b)  -> (artifact id: '0716923a76034ad2712a6121bad9de57') in 0.050381 seconds 
========================================================================
Received Import Request.
  Time since last request: 0.288010 seconds.
  path: Assets/SimpleEnviroment/Models/theme_forest/obstacles/Materials/shadow_blob.mat
  artifactKey: Guid(695e5eb3d699c4a7d91cf0c032d17106) Importer(815301076,1909f56bfc062723c751e8b465ee728b)
Start importing Assets/SimpleEnviroment/Models/theme_forest/obstacles/Materials/shadow_blob.mat using Guid(695e5eb3d699c4a7d91cf0c032d17106) Importer(815301076,1909f56bfc062723c751e8b465ee728b)  -> (artifact id: 'bc71e63d1a7c96f1df317d14b1dd30d7') in 0.013587 seconds 
========================================================================
Received Import Request.
  Time since last request: 0.108775 seconds.
  path: Assets/SimpleEnviroment/Models/general/materials/shadow_blob_side.mat
  artifactKey: Guid(5f9177553eecec94f85492407d491a76) Importer(815301076,1909f56bfc062723c751e8b465ee728b)
Start importing Assets/SimpleEnviroment/Models/general/materials/shadow_blob_side.mat using Guid(5f9177553eecec94f85492407d491a76) Importer(815301076,1909f56bfc062723c751e8b465ee728b)  -> (artifact id: '83a9b3f0b261f972e83fe15517d1a038') in 0.015562 seconds 
========================================================================
Received Import Request.
  Time since last request: 0.370272 seconds.
  path: Assets/SimpleEnviroment/Models/game_objects/powerup_eggs/Materials/shadow_caster.mat
  artifactKey: Guid(a768307129bf043b7b2f79323c97098e) Importer(815301076,1909f56bfc062723c751e8b465ee728b)
Start importing Assets/SimpleEnviroment/Models/game_objects/powerup_eggs/Materials/shadow_caster.mat using Guid(a768307129bf043b7b2f79323c97098e) Importer(815301076,1909f56bfc062723c751e8b465ee728b)  -> (artifact id: '219f8f12dbd190b9830e0976b9d11237') in 0.016057 seconds 
========================================================================
Received Import Request.
  Time since last request: 0.321612 seconds.
  path: Assets/SimpleEnviroment/Models/game_objects/coin/Materials/shadow_caster.mat
  artifactKey: Guid(d1754ca979dbe453caec520fbb8e567a) Importer(815301076,1909f56bfc062723c751e8b465ee728b)
Start importing Assets/SimpleEnviroment/Models/game_objects/coin/Materials/shadow_caster.mat using Guid(d1754ca979dbe453caec520fbb8e567a) Importer(815301076,1909f56bfc062723c751e8b465ee728b)  -> (artifact id: '3d49875154535f416590f0688ebb773b') in 0.015704 seconds 
========================================================================
Received Import Request.
  Time since last request: 1.304740 seconds.
  path: Assets/SimpleEnviroment/Models/general/materials/shadow_caster.mat
  artifactKey: Guid(6e5fbae780d2fa4479dc592f9a8612e5) Importer(815301076,1909f56bfc062723c751e8b465ee728b)
Start importing Assets/SimpleEnviroment/Models/general/materials/shadow_caster.mat using Guid(6e5fbae780d2fa4479dc592f9a8612e5) Importer(815301076,1909f56bfc062723c751e8b465ee728b)  -> (artifact id: 'b640c83c16c629903016ba0b8aa40c2a') in 0.016475 seconds 
========================================================================
Received Import Request.
  Time since last request: 0.000027 seconds.
  path: Assets/SimpleEnviroment/Models/game_objects/frog_green/Materials/shadow_caster.mat
  artifactKey: Guid(a600a924dccb946ec9cccd3278c263e2) Importer(815301076,1909f56bfc062723c751e8b465ee728b)
Start importing Assets/SimpleEnviroment/Models/game_objects/frog_green/Materials/shadow_caster.mat using Guid(a600a924dccb946ec9cccd3278c263e2) Importer(815301076,1909f56bfc062723c751e8b465ee728b)  -> (artifact id: '2e6bc42847d24c29051b7d229933f200') in 0.017050 seconds 
========================================================================
Received Import Request.
  Time since last request: 0.000021 seconds.
  path: Assets/SimpleEnviroment/Models/theme_forest/obstacles/Materials/shadow_caster.mat
  artifactKey: Guid(ac9f96373f18a462e9ba93ac88f353a2) Importer(815301076,1909f56bfc062723c751e8b465ee728b)
Start importing Assets/SimpleEnviroment/Models/theme_forest/obstacles/Materials/shadow_caster.mat using Guid(ac9f96373f18a462e9ba93ac88f353a2) Importer(815301076,1909f56bfc062723c751e8b465ee728b)  -> (artifact id: '3332358468bb99ec8339274e96be63e9') in 0.018747 seconds 
========================================================================
Received Import Request.
  Time since last request: 0.000018 seconds.
  path: Assets/SimpleEnviroment/Models/snakes/blue_racer/Materials/shadow_caster.mat
  artifactKey: Guid(fe0c5eff962ed2149bb874afbc09f6ef) Importer(815301076,1909f56bfc062723c751e8b465ee728b)
Start importing Assets/SimpleEnviroment/Models/snakes/blue_racer/Materials/shadow_caster.mat using Guid(fe0c5eff962ed2149bb874afbc09f6ef) Importer(815301076,1909f56bfc062723c751e8b465ee728b)  -> (artifact id: '9bdec86f9c19d034df1fe51b13d5aa50') in 0.026325 seconds 
========================================================================
Received Import Request.
  Time since last request: 0.000024 seconds.
  path: Assets/SimpleEnviroment/Models/game_objects/powerup_items/Materials/shield.mat
  artifactKey: Guid(771c2644786b98b45a2746901e5a0101) Importer(815301076,1909f56bfc062723c751e8b465ee728b)
Start importing Assets/SimpleEnviroment/Models/game_objects/powerup_items/Materials/shield.mat using Guid(771c2644786b98b45a2746901e5a0101) Importer(815301076,1909f56bfc062723c751e8b465ee728b)  -> (artifact id: '9660610045a87ede4223a9d1aad648c3') in 0.022554 seconds 
========================================================================
Received Import Request.
  Time since last request: 0.000021 seconds.
  path: Assets/SimpleEnviroment/Models/game_objects/spike_trap/Materials/spike_trap_purple.mat
  artifactKey: Guid(d229da407ab87b245995dea637ee0315) Importer(815301076,1909f56bfc062723c751e8b465ee728b)
Start importing Assets/SimpleEnviroment/Models/game_objects/spike_trap/Materials/spike_trap_purple.mat using Guid(d229da407ab87b245995dea637ee0315) Importer(815301076,1909f56bfc062723c751e8b465ee728b)  -> (artifact id: '73e3438ed900fdcd15bae5e8f70f9819') in 0.019976 seconds 
========================================================================
Received Import Request.
  Time since last request: 0.000019 seconds.
  path: Assets/SimpleEnviroment/Models/game_objects/spike_trap/Materials/spike_trap.mat
  artifactKey: Guid(eba54076ea1e330449add722e52b7ad1) Importer(815301076,1909f56bfc062723c751e8b465ee728b)
Start importing Assets/SimpleEnviroment/Models/game_objects/spike_trap/Materials/spike_trap.mat using Guid(eba54076ea1e330449add722e52b7ad1) Importer(815301076,1909f56bfc062723c751e8b465ee728b)  -> (artifact id: '8242d315d3f1979fe57d3878d7177879') in 0.024865 seconds 
========================================================================
Received Import Request.
  Time since last request: 0.000024 seconds.
  path: Assets/SimpleEnviroment/Models/game_objects/spike_trap/Materials/spike_trap_red.mat
  artifactKey: Guid(363ed4db220978540b39328ac6dce6c7) Importer(815301076,1909f56bfc062723c751e8b465ee728b)
Start importing Assets/SimpleEnviroment/Models/game_objects/spike_trap/Materials/spike_trap_red.mat using Guid(363ed4db220978540b39328ac6dce6c7) Importer(815301076,1909f56bfc062723c751e8b465ee728b)  -> (artifact id: 'f71f57b0cb24927dfcea540541a039ad') in 0.016640 seconds 
========================================================================
Received Import Request.
  Time since last request: 0.000021 seconds.
  path: Assets/SimpleEnviroment/Models/game_objects/spike_trap/Materials/spike_trap_yellow.mat
  artifactKey: Guid(36df68fa222d83f47a00369fbedbd59e) Importer(815301076,1909f56bfc062723c751e8b465ee728b)
Start importing Assets/SimpleEnviroment/Models/game_objects/spike_trap/Materials/spike_trap_yellow.mat using Guid(36df68fa222d83f47a00369fbedbd59e) Importer(815301076,1909f56bfc062723c751e8b465ee728b)  -> (artifact id: '4dd652708b9e8969b9074e8f899fbd3a') in 0.038659 seconds 
========================================================================
Received Import Request.
  Time since last request: 0.000031 seconds.
  path: Assets/SimpleEnviroment/Models/game_objects/switcher/Materials/switcher_purple.mat
  artifactKey: Guid(942a1e6a333f646409d91bcb978d0d5b) Importer(815301076,1909f56bfc062723c751e8b465ee728b)
Start importing Assets/SimpleEnviroment/Models/game_objects/switcher/Materials/switcher_purple.mat using Guid(942a1e6a333f646409d91bcb978d0d5b) Importer(815301076,1909f56bfc062723c751e8b465ee728b)  -> (artifact id: '1b93ef33348efee925380f7df715b090') in 0.014429 seconds 
========================================================================
Received Import Request.
  Time since last request: 0.000021 seconds.
  path: Assets/AllSkyFree/_AllSkyFreeDemoEnvironment/Materials/TreeTrunk.mat
  artifactKey: Guid(2f225ce8f2fae4ea3b08c9298a6f25e4) Importer(815301076,1909f56bfc062723c751e8b465ee728b)
Start importing Assets/AllSkyFree/_AllSkyFreeDemoEnvironment/Materials/TreeTrunk.mat using Guid(2f225ce8f2fae4ea3b08c9298a6f25e4) Importer(815301076,1909f56bfc062723c751e8b465ee728b)  -> (artifact id: '0fd613d240e613e9bff6d9ebf338adc5') in 0.025302 seconds 
========================================================================
Received Import Request.
  Time since last request: 0.000017 seconds.
  path: Assets/SimpleEnviroment/Models/game_objects/switcher/Materials/switcher_red.mat
  artifactKey: Guid(13ac2e2b2af056646b463d387b45d8bf) Importer(815301076,1909f56bfc062723c751e8b465ee728b)
Start importing Assets/SimpleEnviroment/Models/game_objects/switcher/Materials/switcher_red.mat using Guid(13ac2e2b2af056646b463d387b45d8bf) Importer(815301076,1909f56bfc062723c751e8b465ee728b)  -> (artifact id: '08eecbf0e64f007665aa575bbdb42ccc') in 0.022521 seconds 
========================================================================
Received Import Request.
  Time since last request: 0.000023 seconds.
  path: Assets/Stylized Wood Textures/Textures/Planks/Materials/Wood_Planks_basecolor.mat
  artifactKey: Guid(d5bdb848cc9744c4dbf75235cfff03f8) Importer(815301076,1909f56bfc062723c751e8b465ee728b)
Start importing Assets/Stylized Wood Textures/Textures/Planks/Materials/Wood_Planks_basecolor.mat using Guid(d5bdb848cc9744c4dbf75235cfff03f8) Importer(815301076,1909f56bfc062723c751e8b465ee728b)  -> (artifact id: '7503692b16c907a17705e07c5dac0540') in 0.019552 seconds 
========================================================================
Received Import Request.
  Time since last request: 0.000021 seconds.
  path: Assets/SimpleEnviroment/Models/game_objects/switcher/Materials/switcher_green.mat
  artifactKey: Guid(c18cf248a87ff014987dc69e4735a139) Importer(815301076,1909f56bfc062723c751e8b465ee728b)
Start importing Assets/SimpleEnviroment/Models/game_objects/switcher/Materials/switcher_green.mat using Guid(c18cf248a87ff014987dc69e4735a139) Importer(815301076,1909f56bfc062723c751e8b465ee728b)  -> (artifact id: 'ea5c515f752cddf9e3d8b8f7caccc089') in 0.036804 seconds 
========================================================================
Received Import Request.
  Time since last request: 0.000021 seconds.
  path: Assets/LowlyPoly/Stylized Grass Texture/Materials/Stylize_Grass.mat
  artifactKey: Guid(5d8af8f434f69794eabd684fb44b4fbf) Importer(815301076,1909f56bfc062723c751e8b465ee728b)
Start importing Assets/LowlyPoly/Stylized Grass Texture/Materials/Stylize_Grass.mat using Guid(5d8af8f434f69794eabd684fb44b4fbf) Importer(815301076,1909f56bfc062723c751e8b465ee728b)  -> (artifact id: '7d569e50cb38072e9a488c66df113544') in 0.239599 seconds 
========================================================================
Received Import Request.
  Time since last request: 25.605491 seconds.
  path: Assets/SimpleEnviroment/Models/game_objects/powerup_eggs/Materials/egg_timer.mat
  artifactKey: Guid(7d48cfa289b7dcb448ea40e4246840a0) Importer(815301076,1909f56bfc062723c751e8b465ee728b)
Start importing Assets/SimpleEnviroment/Models/game_objects/powerup_eggs/Materials/egg_timer.mat using Guid(7d48cfa289b7dcb448ea40e4246840a0) Importer(815301076,1909f56bfc062723c751e8b465ee728b)  -> (artifact id: '8e1549a67bc7dc5ffc61a6902de467b0') in 0.023401 seconds 
========================================================================
Received Import Request.
  Time since last request: 1.956629 seconds.
  path: Assets/AllSkyFree/Epic_GloriousPink/Epic_GloriousPink.mat
  artifactKey: Guid(8b7dd0809c7c6498789fa32a61eaa6cb) Importer(815301076,1909f56bfc062723c751e8b465ee728b)
Start importing Assets/AllSkyFree/Epic_GloriousPink/Epic_GloriousPink.mat using Guid(8b7dd0809c7c6498789fa32a61eaa6cb) Importer(815301076,1909f56bfc062723c751e8b465ee728b)  -> (artifact id: 'beb7a39cf66dc314a911671123d79b26') in 0.264523 seconds 
========================================================================
Received Import Request.
  Time since last request: 0.894118 seconds.
  path: Assets/SimpleEnviroment/Models/game_objects/frog_green/Materials/frog_desert.mat
  artifactKey: Guid(6f600260311a4c94bbb37153ef3fc6d4) Importer(815301076,1909f56bfc062723c751e8b465ee728b)
Start importing Assets/SimpleEnviroment/Models/game_objects/frog_green/Materials/frog_desert.mat using Guid(6f600260311a4c94bbb37153ef3fc6d4) Importer(815301076,1909f56bfc062723c751e8b465ee728b)  -> (artifact id: 'cbd62e50ef5bf174521f7be2e2ce88d8') in 0.024143 seconds 
========================================================================
Received Import Request.
  Time since last request: 1.386052 seconds.
  path: Assets/SimpleEnviroment/Particles/materials/green_glow.mat
  artifactKey: Guid(439f3298fca533d4a9533ea4d2faf279) Importer(815301076,1909f56bfc062723c751e8b465ee728b)
Start importing Assets/SimpleEnviroment/Particles/materials/green_glow.mat using Guid(439f3298fca533d4a9533ea4d2faf279) Importer(815301076,1909f56bfc062723c751e8b465ee728b)  -> (artifact id: '08c81ee47cf9468514017eb8bb3fda89') in 0.023977 seconds 
========================================================================
Received Import Request.
  Time since last request: 0.067563 seconds.
  path: Assets/SimpleEnviroment/Models/snakes/green_snake/Materials/green_snake_head_soft_shadow.mat
  artifactKey: Guid(072550dd0431c074aa8c98d5ec849254) Importer(815301076,1909f56bfc062723c751e8b465ee728b)
Start importing Assets/SimpleEnviroment/Models/snakes/green_snake/Materials/green_snake_head_soft_shadow.mat using Guid(072550dd0431c074aa8c98d5ec849254) Importer(815301076,1909f56bfc062723c751e8b465ee728b)  -> (artifact id: 'fe571a4c03fd48685b735da3f2cf731f') in 0.027077 seconds 
========================================================================
Received Prepare
Registering precompiled user dll's ...
Registered in 0.017875 seconds.
Begin MonoManager ReloadAssembly
Symbol file LoadedFromMemory doesn't match image F:\snakegame\final\Library\PackageCache\com.unity.visualscripting@1.8.0\Editor\VisualScripting.Core\Dependencies\YamlDotNet\Unity.VisualScripting.YamlDotNet.dll
Symbol file LoadedFromMemory doesn't match image F:\snakegame\final\Library\PackageCache\com.unity.visualscripting@1.8.0\Editor\VisualScripting.Core\Dependencies\DotNetZip\Unity.VisualScripting.IonicZip.dll
Native extension for WindowsStandalone target not found
Native extension for WebGL target not found
Refreshing native plugins compatible for Editor in 0.58 ms, found 3 plugins.
Preloading 0 native plugins for Editor in 0.00 ms.
Mono: successfully reloaded assembly
- Completed reload, in  1.366 seconds
Domain Reload Profiling:
	ReloadAssembly (1367ms)
		BeginReloadAssembly (319ms)
			ExecutionOrderSort (0ms)
			DisableScriptedObjects (3ms)
			BackupInstance (0ms)
			ReleaseScriptingObjects (0ms)
			CreateAndSetChildDomain (32ms)
		EndReloadAssembly (889ms)
			LoadAssemblies (291ms)
			RebuildTransferFunctionScriptingTraits (0ms)
			SetupTypeCache (195ms)
			ReleaseScriptCaches (1ms)
			RebuildScriptCaches (37ms)
			SetupLoadedEditorAssemblies (452ms)
				LogAssemblyErrors (0ms)
				InitializePlatformSupportModulesInManaged (6ms)
				SetLoadedEditorAssemblies (1ms)
				RefreshPlugins (1ms)
				BeforeProcessingInitializeOnLoad (83ms)
				ProcessInitializeOnLoadAttributes (304ms)
				ProcessInitializeOnLoadMethodAttributes (14ms)
				AfterProcessingInitializeOnLoad (43ms)
				EditorAssembliesLoaded (0ms)
			ExecutionOrderSort2 (0ms)
			AwakeInstancesAfterBackupRestoration (8ms)
Platform modules already initialized, skipping
Refreshing native plugins compatible for Editor in 3.61 ms, found 3 plugins.
Preloading 0 native plugins for Editor in 0.00 ms.
Unloading 3479 Unused Serialized files (Serialized files now loaded: 0)
Unloading 16 unused Assets / (63.1 KB). Loaded Objects now: 4072.
Memory consumption went from 151.9 MB to 151.9 MB.
Total: 2.789400 ms (FindLiveObjects: 0.194900 ms CreateObjectMapping: 0.080200 ms MarkObjects: 2.446700 ms  DeleteObjects: 0.066700 ms)

AssetImportParameters requested are different than current active one (requested -> active):
  custom:video-decoder-ogg-theora: a1e56fd34408186e4bbccfd4996cb3dc -> 
  custom:container-muxer-webm: aa71ff27fc2769a1b78a27578f13a17b -> 
  custom:container-demuxer-webm: 4f35f7cbe854078d1ac9338744f61a02 -> 
  custom:video-encoder-webm-vp8: eb34c28f22e8b96e1ab97ce403110664 -> 
  custom:video-codec-MediaFoundation-h265: 746d11721c4dcdbdad8f713fa42b33f4 -> 
  custom:audio-encoder-webm-vorbis: bf7c407c2cedff20999df2af8eb42d56 -> 
  custom:framework-win-MediaFoundation: 216162199b28c13a410421893ffa2e32 -> 
  custom:container-demuxer-ogg: 62fdf1f143b41e24485cea50d1cbac27 -> 
  custom:video-decoder-webm-vp8: 9c59270c3fd7afecdb556c50c9e8de78 -> 
  custom:audio-decoder-ogg-vorbis: bf7c407c2cedff20999df2af8eb42d56 -> 
Editor requested this worker to shutdown with reason: Scaling down because of idle timeout
AssetImportWorker is now disconnected from the server
Process exiting
Exiting without the bug reporter. Application will terminate with return code 0